<?xml version="1.0" encoding="UTF-8"?>
<!-- Generated by org.testng.reporters.JUnitReportReporter -->
<testsuite hostname="DESKTOP-5EEQQO0" failures="0" tests="1" name="EmailMaven.EmailUsingMaven" time="0.764" errors="0" timestamp="2020-09-28T10:54:59 IST" skipped="0">
  <testcase classname="EmailMaven.EmailUsingMaven" name="verifyLogin" time="0.764"/>
  <system-out/>
</testsuite> <!-- EmailMaven.EmailUsingMaven -->
